{"contracts/Raffle.sol":{"l":{"48":3,"49":3,"50":3,"51":3,"52":3,"53":3,"54":3,"55":3,"59":2,"60":1,"62":1,"63":0,"65":1,"66":1,"75":0,"76":0,"77":0,"78":0,"79":0,"83":0,"84":0,"85":0,"91":0,"98":0,"99":0,"106":0,"107":0,"108":0,"109":0,"110":0,"111":0,"113":0,"114":0,"115":0,"116":0,"120":1,"124":1,"128":0,"132":1,"136":0,"140":0,"144":0,"148":0,"152":1},"path":"/Users/chiranjeevmishra/hardhat-raffle-lottery-system/contracts/Raffle.sol","s":{"1":3,"2":3,"3":3,"4":3,"5":3,"6":3,"7":3,"8":3,"9":2,"10":1,"11":1,"12":1,"13":0,"14":0,"15":0,"16":0,"17":0,"18":0,"19":0,"20":0,"21":0,"22":0,"23":0,"24":0,"25":0,"26":0,"27":0,"28":0,"29":0,"30":0,"31":0,"32":1,"33":1,"34":0,"35":1,"36":0,"37":0,"38":0,"39":0,"40":1},"b":{"1":[1,1],"2":[0,1],"3":[0,0],"4":[0,0]},"f":{"1":3,"2":2,"3":0,"4":0,"5":0,"6":1,"7":1,"8":0,"9":1,"10":0,"11":0,"12":0,"13":0,"14":1},"fnMap":{"1":{"name":"constructor","line":47,"loc":{"start":{"line":40,"column":4},"end":{"line":56,"column":4}}},"2":{"name":"enterRaffle","line":58,"loc":{"start":{"line":58,"column":4},"end":{"line":67,"column":4}}},"3":{"name":"checkUpkeep","line":69,"loc":{"start":{"line":69,"column":4},"end":{"line":80,"column":4}}},"4":{"name":"performUpkeep","line":82,"loc":{"start":{"line":82,"column":4},"end":{"line":100,"column":4}}},"5":{"name":"fulfillRandomWords","line":102,"loc":{"start":{"line":102,"column":4},"end":{"line":117,"column":4}}},"6":{"name":"getEntranceFee","line":119,"loc":{"start":{"line":119,"column":4},"end":{"line":121,"column":4}}},"7":{"name":"getPlayer","line":123,"loc":{"start":{"line":123,"column":4},"end":{"line":125,"column":4}}},"8":{"name":"getRecentWinner","line":127,"loc":{"start":{"line":127,"column":4},"end":{"line":129,"column":4}}},"9":{"name":"getRaffleState","line":131,"loc":{"start":{"line":131,"column":4},"end":{"line":133,"column":4}}},"10":{"name":"getNumWords","line":135,"loc":{"start":{"line":135,"column":4},"end":{"line":137,"column":4}}},"11":{"name":"numberOfPlayers","line":139,"loc":{"start":{"line":139,"column":4},"end":{"line":141,"column":4}}},"12":{"name":"latestTime","line":143,"loc":{"start":{"line":143,"column":4},"end":{"line":145,"column":4}}},"13":{"name":"getConfirmations","line":147,"loc":{"start":{"line":147,"column":4},"end":{"line":149,"column":4}}},"14":{"name":"getInterval","line":151,"loc":{"start":{"line":151,"column":4},"end":{"line":153,"column":4}}}},"statementMap":{"1":{"start":{"line":48,"column":8},"end":{"line":48,"column":34}},"2":{"start":{"line":49,"column":8},"end":{"line":49,"column":69}},"3":{"start":{"line":50,"column":8},"end":{"line":50,"column":26}},"4":{"start":{"line":51,"column":8},"end":{"line":51,"column":40}},"5":{"start":{"line":52,"column":8},"end":{"line":52,"column":44}},"6":{"start":{"line":53,"column":8},"end":{"line":53,"column":39}},"7":{"start":{"line":54,"column":8},"end":{"line":54,"column":40}},"8":{"start":{"line":55,"column":8},"end":{"line":55,"column":28}},"9":{"start":{"line":59,"column":8},"end":{"line":59,"column":1979}},"10":{"start":{"line":62,"column":8},"end":{"line":62,"column":2080}},"11":{"start":{"line":65,"column":8},"end":{"line":65,"column":42}},"12":{"start":{"line":66,"column":8},"end":{"line":66,"column":36}},"13":{"start":{"line":75,"column":8},"end":{"line":75,"column":57}},"14":{"start":{"line":76,"column":8},"end":{"line":76,"column":76}},"15":{"start":{"line":77,"column":8},"end":{"line":77,"column":48}},"16":{"start":{"line":78,"column":8},"end":{"line":78,"column":51}},"17":{"start":{"line":79,"column":8},"end":{"line":79,"column":72}},"18":{"start":{"line":83,"column":8},"end":{"line":83,"column":47}},"19":{"start":{"line":84,"column":8},"end":{"line":84,"column":2853}},"20":{"start":{"line":91,"column":8},"end":{"line":91,"column":3064}},"21":{"start":{"line":98,"column":8},"end":{"line":98,"column":46}},"22":{"start":{"line":99,"column":8},"end":{"line":99,"column":46}},"23":{"start":{"line":106,"column":8},"end":{"line":106,"column":65}},"24":{"start":{"line":107,"column":8},"end":{"line":107,"column":63}},"25":{"start":{"line":108,"column":8},"end":{"line":108,"column":36}},"26":{"start":{"line":109,"column":8},"end":{"line":109,"column":78}},"27":{"start":{"line":110,"column":8},"end":{"line":110,"column":3748}},"28":{"start":{"line":113,"column":8},"end":{"line":113,"column":39}},"29":{"start":{"line":114,"column":8},"end":{"line":114,"column":43}},"30":{"start":{"line":115,"column":8},"end":{"line":115,"column":40}},"31":{"start":{"line":116,"column":8},"end":{"line":116,"column":39}},"32":{"start":{"line":120,"column":8},"end":{"line":120,"column":28}},"33":{"start":{"line":124,"column":8},"end":{"line":124,"column":31}},"34":{"start":{"line":128,"column":8},"end":{"line":128,"column":29}},"35":{"start":{"line":132,"column":8},"end":{"line":132,"column":28}},"36":{"start":{"line":136,"column":8},"end":{"line":136,"column":24}},"37":{"start":{"line":140,"column":8},"end":{"line":140,"column":31}},"38":{"start":{"line":144,"column":8},"end":{"line":144,"column":30}},"39":{"start":{"line":148,"column":8},"end":{"line":148,"column":36}},"40":{"start":{"line":152,"column":8},"end":{"line":152,"column":25}}},"branchMap":{"1":{"line":59,"type":"if","locations":[{"start":{"line":59,"column":8},"end":{"line":59,"column":8}},{"start":{"line":59,"column":8},"end":{"line":59,"column":8}}]},"2":{"line":62,"type":"if","locations":[{"start":{"line":62,"column":8},"end":{"line":62,"column":8}},{"start":{"line":62,"column":8},"end":{"line":62,"column":8}}]},"3":{"line":84,"type":"if","locations":[{"start":{"line":84,"column":8},"end":{"line":84,"column":8}},{"start":{"line":84,"column":8},"end":{"line":84,"column":8}}]},"4":{"line":110,"type":"if","locations":[{"start":{"line":110,"column":8},"end":{"line":110,"column":8}},{"start":{"line":110,"column":8},"end":{"line":110,"column":8}}]}}},"contracts/tests/VRFCoordinatorV2Mock.sol":{"l":{},"path":"/Users/chiranjeevmishra/hardhat-raffle-lottery-system/contracts/tests/VRFCoordinatorV2Mock.sol","s":{},"b":{},"f":{},"fnMap":{},"statementMap":{},"branchMap":{}}}