TN:
SF:/Users/chiranjeevmishra/hardhat-raffle-lottery-system/contracts/Raffle.sol
FN:47,constructor
FN:58,enterRaffle
FN:69,checkUpkeep
FN:82,performUpkeep
FN:102,fulfillRandomWords
FN:119,getEntranceFee
FN:123,getPlayer
FN:127,getRecentWinner
FN:131,getRaffleState
FN:135,getNumWords
FN:139,numberOfPlayers
FN:143,latestTime
FN:147,getConfirmations
FN:151,getInterval
FNF:14
FNH:6
FNDA:3,constructor
FNDA:2,enterRaffle
FNDA:0,checkUpkeep
FNDA:0,performUpkeep
FNDA:0,fulfillRandomWords
FNDA:1,getEntranceFee
FNDA:1,getPlayer
FNDA:0,getRecentWinner
FNDA:1,getRaffleState
FNDA:0,getNumWords
FNDA:0,numberOfPlayers
FNDA:0,latestTime
FNDA:0,getConfirmations
FNDA:1,getInterval
DA:48,3
DA:49,3
DA:50,3
DA:51,3
DA:52,3
DA:53,3
DA:54,3
DA:55,3
DA:59,2
DA:60,1
DA:62,1
DA:63,0
DA:65,1
DA:66,1
DA:75,0
DA:76,0
DA:77,0
DA:78,0
DA:79,0
DA:83,0
DA:84,0
DA:85,0
DA:91,0
DA:98,0
DA:99,0
DA:106,0
DA:107,0
DA:108,0
DA:109,0
DA:110,0
DA:111,0
DA:113,0
DA:114,0
DA:115,0
DA:116,0
DA:120,1
DA:124,1
DA:128,0
DA:132,1
DA:136,0
DA:140,0
DA:144,0
DA:148,0
DA:152,1
LF:44
LH:17
BRDA:59,1,0,1
BRDA:59,1,1,1
BRDA:62,2,0,0
BRDA:62,2,1,1
BRDA:84,3,0,0
BRDA:84,3,1,0
BRDA:110,4,0,0
BRDA:110,4,1,0
BRF:8
BRH:3
end_of_record
TN:
SF:/Users/chiranjeevmishra/hardhat-raffle-lottery-system/contracts/tests/VRFCoordinatorV2Mock.sol
FNF:0
FNH:0
LF:0
LH:0
BRF:0
BRH:0
end_of_record
